current directory: C:/Users/Austin/CSCE 431-503/ESC-Participation-Tracker/.bundle/gems/byebug-11.1.3/ext/byebug
C:/Ruby26-x64/bin/ruby.exe -I C:/Ruby26-x64/lib/ruby/2.6.0 -r ./siteconf20200922-2908-19efev.rb extconf.rb
creating Makefile

current directory: C:/Users/Austin/CSCE 431-503/ESC-Participation-Tracker/.bundle/gems/byebug-11.1.3/ext/byebug
make "DESTDIR=" clean
bash.exe: warning: could not find /tmp, please create!

current directory: C:/Users/Austin/CSCE 431-503/ESC-Participation-Tracker/.bundle/gems/byebug-11.1.3/ext/byebug
make "DESTDIR="
generating byebug-x64-mingw32.def
bash.exe: warning: could not find /tmp, please create!
compiling breakpoint.c
compiling byebug.c
compiling context.c
compiling locker.c
compiling threads.c
linking shared-object byebug/byebug.so

current directory: C:/Users/Austin/CSCE 431-503/ESC-Participation-Tracker/.bundle/gems/byebug-11.1.3/ext/byebug
make "DESTDIR=" install
bash.exe: warning: could not find /tmp, please create!
/usr/bin/install -c -m 0755 byebug.so ./.gem.20200922-2908-vntbce/byebug
