current directory: C:/Users/Austin/CSCE 431-503/ESC-Participation-Tracker/.bundle/gems/puma-4.3.6/ext/puma_http11
C:/Ruby26-x64/bin/ruby.exe -I C:/Ruby26-x64/lib/ruby/2.6.0 -r ./siteconf20200922-2908-gwtu28.rb extconf.rb
checking for whether -D_FORTIFY_SOURCE=2 is accepted as CFLAGS... yes
checking for whether -fstack-protector is accepted as LDFLAGS... yes
checking for -lssp... yes
checking for BIO_read() in -lcrypto... yes
checking for SSL_CTX_new() in -lssl... yes
checking for openssl/bio.h... yes
checking for DTLS_method() in openssl/ssl.h... yes
checking for TLS_server_method() in openssl/ssl.h... yes
checking for SSL_CTX_set_min_proto_version in openssl/ssl.h... yes
creating Makefile

current directory: C:/Users/Austin/CSCE 431-503/ESC-Participation-Tracker/.bundle/gems/puma-4.3.6/ext/puma_http11
make "DESTDIR=" clean
bash.exe: warning: could not find /tmp, please create!

current directory: C:/Users/Austin/CSCE 431-503/ESC-Participation-Tracker/.bundle/gems/puma-4.3.6/ext/puma_http11
make "DESTDIR="
generating puma_http11-x64-mingw32.def
bash.exe: warning: could not find /tmp, please create!
compiling http11_parser.c
compiling io_buffer.c
compiling mini_ssl.c
compiling puma_http11.c
linking shared-object puma/puma_http11.so

current directory: C:/Users/Austin/CSCE 431-503/ESC-Participation-Tracker/.bundle/gems/puma-4.3.6/ext/puma_http11
make "DESTDIR=" install
bash.exe: warning: could not find /tmp, please create!
/usr/bin/install -c -m 0755 puma_http11.so ./.gem.20200922-2908-dacr7o/puma
